[debug] [2025-08-06T02:38:41.497Z] ----------------------------------------------------------------------
[debug] [2025-08-06T02:38:41.501Z] Command:       /usr/local/bin/node /usr/local/bin/firebase init
[debug] [2025-08-06T02:38:41.501Z] CLI Version:   14.11.0
[debug] [2025-08-06T02:38:41.501Z] Platform:      darwin
[debug] [2025-08-06T02:38:41.502Z] Node Version:  v22.17.1
[debug] [2025-08-06T02:38:41.502Z] Time:          Wed Aug 06 2025 09:38:41 GMT+0700 (Western Indonesia Time)
[debug] [2025-08-06T02:38:41.502Z] ----------------------------------------------------------------------
[debug] 
[debug] [2025-08-06T02:38:41.504Z] >>> [apiv2][query] GET https://firebase-public.firebaseio.com/cli.json [none]
[debug] [2025-08-06T02:38:41.814Z] > command requires scopes: ["email","openid","https://www.googleapis.com/auth/cloudplatformprojects.readonly","https://www.googleapis.com/auth/firebase","https://www.googleapis.com/auth/cloud-platform"]
[debug] [2025-08-06T02:38:41.814Z] > authorizing via signed-in user (ansindaitcomms@gmail.com)
[info] 
     ######## #### ########  ######## ########     ###     ######  ########
     ##        ##  ##     ## ##       ##     ##  ##   ##  ##       ##
     ######    ##  ########  ######   ########  #########  ######  ######
     ##        ##  ##    ##  ##       ##     ## ##     ##       ## ##
     ##       #### ##     ## ######## ########  ##     ##  ######  ########

You're about to initialize a Firebase project in this directory:

  /Users/user/Documents/system-aci

Before we get started, keep in mind:

  * You are initializing within an existing Firebase project directory

[debug] [2025-08-06T02:38:42.833Z] <<< [apiv2][status] GET https://firebase-public.firebaseio.com/cli.json 200
[debug] [2025-08-06T02:38:42.833Z] <<< [apiv2][body] GET https://firebase-public.firebaseio.com/cli.json {"cloudBuildErrorAfter":1594252800000,"cloudBuildWarnAfter":1590019200000,"defaultNode10After":1594252800000,"minVersion":"3.0.5","node8DeploysDisabledAfter":1613390400000,"node8RuntimeDisabledAfter":1615809600000,"node8WarnAfter":1600128000000}
[info] 
=== Project Setup
[info] 
[info] First, let's associate this project directory with a Firebase project.
[info] You can create multiple project aliases by running firebase use --add, 
[info] but for now we'll just set up a default project.
[info] 
[debug] [2025-08-06T02:39:03.784Z] Using project from CLI flag: portal-ansinda
[debug] [2025-08-06T02:39:03.791Z] Checked if tokens are valid: false, expires at: 1753092396996
[debug] [2025-08-06T02:39:03.792Z] Checked if tokens are valid: false, expires at: 1753092396996
[debug] [2025-08-06T02:39:03.792Z] > refreshing access token with scopes: []
[debug] [2025-08-06T02:39:03.802Z] >>> [apiv2][query] POST https://www.googleapis.com/oauth2/v3/token [none]
[debug] [2025-08-06T02:39:03.802Z] >>> [apiv2][body] POST https://www.googleapis.com/oauth2/v3/token [omitted]
[debug] [2025-08-06T02:39:05.558Z] <<< [apiv2][status] POST https://www.googleapis.com/oauth2/v3/token 200
[debug] [2025-08-06T02:39:05.558Z] <<< [apiv2][body] POST https://www.googleapis.com/oauth2/v3/token [omitted]
[debug] [2025-08-06T02:39:05.601Z] >>> [apiv2][query] GET https://firebase.googleapis.com/v1beta1/projects/portal-ansinda [none]
[debug] [2025-08-06T02:39:07.407Z] <<< [apiv2][status] GET https://firebase.googleapis.com/v1beta1/projects/portal-ansinda 200
[debug] [2025-08-06T02:39:07.407Z] <<< [apiv2][body] GET https://firebase.googleapis.com/v1beta1/projects/portal-ansinda {"projectId":"portal-ansinda","projectNumber":"310332831418","displayName":"portal-ansinda","name":"projects/portal-ansinda","resources":{"hostingSite":"portal-ansinda"},"state":"ACTIVE","etag":"1_08fda5ba-69b5-4101-ac82-a03376685984"}
[info] i  Using project portal-ansinda (portal-ansinda) 
[info] 
=== App Hosting Setup
[debug] [2025-08-06T02:39:07.431Z] Checked if tokens are valid: true, expires at: 1754451544558
[debug] [2025-08-06T02:39:07.434Z] Checked if tokens are valid: true, expires at: 1754451544558
[debug] [2025-08-06T02:39:07.435Z] >>> [apiv2][query] GET https://cloudbilling.googleapis.com/v1/projects/portal-ansinda/billingInfo [none]
[debug] [2025-08-06T02:39:10.212Z] <<< [apiv2][status] GET https://cloudbilling.googleapis.com/v1/projects/portal-ansinda/billingInfo 200
[debug] [2025-08-06T02:39:10.212Z] <<< [apiv2][body] GET https://cloudbilling.googleapis.com/v1/projects/portal-ansinda/billingInfo {"name":"projects/portal-ansinda/billingInfo","projectId":"portal-ansinda","billingAccountName":"billingAccounts/01AAD0-513C4B-DE397E","billingEnabled":true}
[debug] [2025-08-06T02:39:10.213Z] Checked if tokens are valid: true, expires at: 1754451544558
[debug] [2025-08-06T02:39:10.213Z] Checked if tokens are valid: true, expires at: 1754451544558
[debug] [2025-08-06T02:39:10.214Z] >>> [apiv2][query] GET https://serviceusage.googleapis.com/v1/projects/portal-ansinda/services/firebaseapphosting.googleapis.com [none]
[debug] [2025-08-06T02:39:10.214Z] >>> [apiv2][(partial)header] GET https://serviceusage.googleapis.com/v1/projects/portal-ansinda/services/firebaseapphosting.googleapis.com x-goog-quota-user=projects/portal-ansinda
[debug] [2025-08-06T02:39:12.859Z] <<< [apiv2][status] GET https://serviceusage.googleapis.com/v1/projects/portal-ansinda/services/firebaseapphosting.googleapis.com 200
[debug] [2025-08-06T02:39:12.859Z] <<< [apiv2][body] GET https://serviceusage.googleapis.com/v1/projects/portal-ansinda/services/firebaseapphosting.googleapis.com [omitted]
[debug] [2025-08-06T02:39:12.859Z] Checked if tokens are valid: true, expires at: 1754451544558
[debug] [2025-08-06T02:39:12.859Z] Checked if tokens are valid: true, expires at: 1754451544558
[debug] [2025-08-06T02:39:12.860Z] >>> [apiv2][query] POST https://serviceusage.googleapis.com/v1/projects/portal-ansinda/services/firebaseapphosting.googleapis.com:enable [none]
[debug] [2025-08-06T02:39:12.860Z] >>> [apiv2][(partial)header] POST https://serviceusage.googleapis.com/v1/projects/portal-ansinda/services/firebaseapphosting.googleapis.com:enable x-goog-quota-user=projects/portal-ansinda
[debug] [2025-08-06T02:39:13.886Z] <<< [apiv2][status] POST https://serviceusage.googleapis.com/v1/projects/portal-ansinda/services/firebaseapphosting.googleapis.com:enable 200
[debug] [2025-08-06T02:39:13.886Z] <<< [apiv2][body] POST https://serviceusage.googleapis.com/v1/projects/portal-ansinda/services/firebaseapphosting.googleapis.com:enable [omitted]
[debug] [2025-08-06T02:39:23.920Z] Checked if tokens are valid: true, expires at: 1754451544558
[debug] [2025-08-06T02:39:23.920Z] Checked if tokens are valid: true, expires at: 1754451544558
[debug] [2025-08-06T02:39:23.921Z] Checked if tokens are valid: true, expires at: 1754451544558
[debug] [2025-08-06T02:39:23.921Z] Checked if tokens are valid: true, expires at: 1754451544558
[debug] [2025-08-06T02:39:23.921Z] Checked if tokens are valid: true, expires at: 1754451544558
[debug] [2025-08-06T02:39:23.921Z] Checked if tokens are valid: true, expires at: 1754451544558
[debug] [2025-08-06T02:39:23.921Z] Checked if tokens are valid: true, expires at: 1754451544558
[debug] [2025-08-06T02:39:23.921Z] Checked if tokens are valid: true, expires at: 1754451544558
[debug] [2025-08-06T02:39:23.921Z] Checked if tokens are valid: true, expires at: 1754451544558
[debug] [2025-08-06T02:39:23.922Z] Checked if tokens are valid: true, expires at: 1754451544558
[debug] [2025-08-06T02:39:23.922Z] Checked if tokens are valid: true, expires at: 1754451544558
[debug] [2025-08-06T02:39:23.922Z] Checked if tokens are valid: true, expires at: 1754451544558
[debug] [2025-08-06T02:39:23.926Z] >>> [apiv2][query] GET https://serviceusage.googleapis.com/v1/projects/portal-ansinda/services/developerconnect.googleapis.com [none]
[debug] [2025-08-06T02:39:23.927Z] >>> [apiv2][(partial)header] GET https://serviceusage.googleapis.com/v1/projects/portal-ansinda/services/developerconnect.googleapis.com x-goog-quota-user=projects/portal-ansinda
[debug] [2025-08-06T02:39:23.930Z] >>> [apiv2][query] GET https://serviceusage.googleapis.com/v1/projects/portal-ansinda/services/cloudbuild.googleapis.com [none]
[debug] [2025-08-06T02:39:23.930Z] >>> [apiv2][(partial)header] GET https://serviceusage.googleapis.com/v1/projects/portal-ansinda/services/cloudbuild.googleapis.com x-goog-quota-user=projects/portal-ansinda
[debug] [2025-08-06T02:39:23.932Z] >>> [apiv2][query] GET https://serviceusage.googleapis.com/v1/projects/portal-ansinda/services/secretmanager.googleapis.com [none]
[debug] [2025-08-06T02:39:23.933Z] >>> [apiv2][(partial)header] GET https://serviceusage.googleapis.com/v1/projects/portal-ansinda/services/secretmanager.googleapis.com x-goog-quota-user=projects/portal-ansinda
[debug] [2025-08-06T02:39:23.935Z] >>> [apiv2][query] GET https://serviceusage.googleapis.com/v1/projects/portal-ansinda/services/run.googleapis.com [none]
[debug] [2025-08-06T02:39:23.935Z] >>> [apiv2][(partial)header] GET https://serviceusage.googleapis.com/v1/projects/portal-ansinda/services/run.googleapis.com x-goog-quota-user=projects/portal-ansinda
[debug] [2025-08-06T02:39:23.938Z] >>> [apiv2][query] GET https://serviceusage.googleapis.com/v1/projects/portal-ansinda/services/artifactregistry.googleapis.com [none]
[debug] [2025-08-06T02:39:23.938Z] >>> [apiv2][(partial)header] GET https://serviceusage.googleapis.com/v1/projects/portal-ansinda/services/artifactregistry.googleapis.com x-goog-quota-user=projects/portal-ansinda
[debug] [2025-08-06T02:39:23.940Z] >>> [apiv2][query] GET https://serviceusage.googleapis.com/v1/projects/portal-ansinda/services/iam.googleapis.com [none]
[debug] [2025-08-06T02:39:23.940Z] >>> [apiv2][(partial)header] GET https://serviceusage.googleapis.com/v1/projects/portal-ansinda/services/iam.googleapis.com x-goog-quota-user=projects/portal-ansinda
[debug] [2025-08-06T02:39:25.287Z] <<< [apiv2][status] GET https://serviceusage.googleapis.com/v1/projects/portal-ansinda/services/developerconnect.googleapis.com 200
[debug] [2025-08-06T02:39:25.287Z] <<< [apiv2][body] GET https://serviceusage.googleapis.com/v1/projects/portal-ansinda/services/developerconnect.googleapis.com [omitted]
[debug] [2025-08-06T02:39:25.288Z] Checked if tokens are valid: true, expires at: 1754451544558
[debug] [2025-08-06T02:39:25.288Z] Checked if tokens are valid: true, expires at: 1754451544558
[debug] [2025-08-06T02:39:25.288Z] >>> [apiv2][query] POST https://serviceusage.googleapis.com/v1/projects/portal-ansinda/services/developerconnect.googleapis.com:enable [none]
[debug] [2025-08-06T02:39:25.288Z] >>> [apiv2][(partial)header] POST https://serviceusage.googleapis.com/v1/projects/portal-ansinda/services/developerconnect.googleapis.com:enable x-goog-quota-user=projects/portal-ansinda
[debug] [2025-08-06T02:39:25.359Z] <<< [apiv2][status] GET https://serviceusage.googleapis.com/v1/projects/portal-ansinda/services/run.googleapis.com 200
[debug] [2025-08-06T02:39:25.359Z] <<< [apiv2][body] GET https://serviceusage.googleapis.com/v1/projects/portal-ansinda/services/run.googleapis.com [omitted]
[debug] [2025-08-06T02:39:25.359Z] Checked if tokens are valid: true, expires at: 1754451544558
[debug] [2025-08-06T02:39:25.359Z] Checked if tokens are valid: true, expires at: 1754451544558
[debug] [2025-08-06T02:39:25.359Z] >>> [apiv2][query] POST https://serviceusage.googleapis.com/v1/projects/portal-ansinda/services/run.googleapis.com:enable [none]
[debug] [2025-08-06T02:39:25.359Z] >>> [apiv2][(partial)header] POST https://serviceusage.googleapis.com/v1/projects/portal-ansinda/services/run.googleapis.com:enable x-goog-quota-user=projects/portal-ansinda
[debug] [2025-08-06T02:39:25.361Z] <<< [apiv2][status] GET https://serviceusage.googleapis.com/v1/projects/portal-ansinda/services/cloudbuild.googleapis.com 200
[debug] [2025-08-06T02:39:25.361Z] <<< [apiv2][body] GET https://serviceusage.googleapis.com/v1/projects/portal-ansinda/services/cloudbuild.googleapis.com [omitted]
[debug] [2025-08-06T02:39:25.361Z] Checked if tokens are valid: true, expires at: 1754451544558
[debug] [2025-08-06T02:39:25.362Z] Checked if tokens are valid: true, expires at: 1754451544558
[debug] [2025-08-06T02:39:25.362Z] >>> [apiv2][query] POST https://serviceusage.googleapis.com/v1/projects/portal-ansinda/services/cloudbuild.googleapis.com:enable [none]
[debug] [2025-08-06T02:39:25.362Z] >>> [apiv2][(partial)header] POST https://serviceusage.googleapis.com/v1/projects/portal-ansinda/services/cloudbuild.googleapis.com:enable x-goog-quota-user=projects/portal-ansinda
[debug] [2025-08-06T02:39:25.363Z] <<< [apiv2][status] GET https://serviceusage.googleapis.com/v1/projects/portal-ansinda/services/secretmanager.googleapis.com 200
[debug] [2025-08-06T02:39:25.363Z] <<< [apiv2][body] GET https://serviceusage.googleapis.com/v1/projects/portal-ansinda/services/secretmanager.googleapis.com [omitted]
[debug] [2025-08-06T02:39:25.363Z] Checked if tokens are valid: true, expires at: 1754451544558
[debug] [2025-08-06T02:39:25.363Z] Checked if tokens are valid: true, expires at: 1754451544558
[debug] [2025-08-06T02:39:25.363Z] >>> [apiv2][query] POST https://serviceusage.googleapis.com/v1/projects/portal-ansinda/services/secretmanager.googleapis.com:enable [none]
[debug] [2025-08-06T02:39:25.363Z] >>> [apiv2][(partial)header] POST https://serviceusage.googleapis.com/v1/projects/portal-ansinda/services/secretmanager.googleapis.com:enable x-goog-quota-user=projects/portal-ansinda
[debug] [2025-08-06T02:39:25.364Z] <<< [apiv2][status] GET https://serviceusage.googleapis.com/v1/projects/portal-ansinda/services/iam.googleapis.com 200
[debug] [2025-08-06T02:39:25.365Z] <<< [apiv2][body] GET https://serviceusage.googleapis.com/v1/projects/portal-ansinda/services/iam.googleapis.com [omitted]
[debug] [2025-08-06T02:39:25.365Z] Checked if tokens are valid: true, expires at: 1754451544558
[debug] [2025-08-06T02:39:25.365Z] Checked if tokens are valid: true, expires at: 1754451544558
[debug] [2025-08-06T02:39:25.365Z] >>> [apiv2][query] POST https://serviceusage.googleapis.com/v1/projects/portal-ansinda/services/iam.googleapis.com:enable [none]
[debug] [2025-08-06T02:39:25.365Z] >>> [apiv2][(partial)header] POST https://serviceusage.googleapis.com/v1/projects/portal-ansinda/services/iam.googleapis.com:enable x-goog-quota-user=projects/portal-ansinda
[debug] [2025-08-06T02:39:25.381Z] <<< [apiv2][status] GET https://serviceusage.googleapis.com/v1/projects/portal-ansinda/services/artifactregistry.googleapis.com 200
[debug] [2025-08-06T02:39:25.381Z] <<< [apiv2][body] GET https://serviceusage.googleapis.com/v1/projects/portal-ansinda/services/artifactregistry.googleapis.com [omitted]
[debug] [2025-08-06T02:39:25.381Z] Checked if tokens are valid: true, expires at: 1754451544558
[debug] [2025-08-06T02:39:25.381Z] Checked if tokens are valid: true, expires at: 1754451544558
[debug] [2025-08-06T02:39:25.382Z] >>> [apiv2][query] POST https://serviceusage.googleapis.com/v1/projects/portal-ansinda/services/artifactregistry.googleapis.com:enable [none]
[debug] [2025-08-06T02:39:25.382Z] >>> [apiv2][(partial)header] POST https://serviceusage.googleapis.com/v1/projects/portal-ansinda/services/artifactregistry.googleapis.com:enable x-goog-quota-user=projects/portal-ansinda
[debug] [2025-08-06T02:39:25.790Z] <<< [apiv2][status] POST https://serviceusage.googleapis.com/v1/projects/portal-ansinda/services/developerconnect.googleapis.com:enable 200
[debug] [2025-08-06T02:39:25.790Z] <<< [apiv2][body] POST https://serviceusage.googleapis.com/v1/projects/portal-ansinda/services/developerconnect.googleapis.com:enable [omitted]
[debug] [2025-08-06T02:39:26.234Z] <<< [apiv2][status] POST https://serviceusage.googleapis.com/v1/projects/portal-ansinda/services/iam.googleapis.com:enable 200
[debug] [2025-08-06T02:39:26.234Z] <<< [apiv2][body] POST https://serviceusage.googleapis.com/v1/projects/portal-ansinda/services/iam.googleapis.com:enable [omitted]
[debug] [2025-08-06T02:39:26.268Z] <<< [apiv2][status] POST https://serviceusage.googleapis.com/v1/projects/portal-ansinda/services/secretmanager.googleapis.com:enable 200
[debug] [2025-08-06T02:39:26.268Z] <<< [apiv2][body] POST https://serviceusage.googleapis.com/v1/projects/portal-ansinda/services/secretmanager.googleapis.com:enable [omitted]
[debug] [2025-08-06T02:39:26.310Z] <<< [apiv2][status] POST https://serviceusage.googleapis.com/v1/projects/portal-ansinda/services/run.googleapis.com:enable 200
[debug] [2025-08-06T02:39:26.310Z] <<< [apiv2][body] POST https://serviceusage.googleapis.com/v1/projects/portal-ansinda/services/run.googleapis.com:enable [omitted]
[debug] [2025-08-06T02:39:26.333Z] <<< [apiv2][status] POST https://serviceusage.googleapis.com/v1/projects/portal-ansinda/services/cloudbuild.googleapis.com:enable 200
[debug] [2025-08-06T02:39:26.333Z] <<< [apiv2][body] POST https://serviceusage.googleapis.com/v1/projects/portal-ansinda/services/cloudbuild.googleapis.com:enable [omitted]
[debug] [2025-08-06T02:39:26.357Z] <<< [apiv2][status] POST https://serviceusage.googleapis.com/v1/projects/portal-ansinda/services/artifactregistry.googleapis.com:enable 200
[debug] [2025-08-06T02:39:26.357Z] <<< [apiv2][body] POST https://serviceusage.googleapis.com/v1/projects/portal-ansinda/services/artifactregistry.googleapis.com:enable [omitted]
[debug] [2025-08-06T02:39:36.383Z] Checked if tokens are valid: true, expires at: 1754451544558
[debug] [2025-08-06T02:39:36.384Z] Checked if tokens are valid: true, expires at: 1754451544558
[debug] [2025-08-06T02:39:36.389Z] >>> [apiv2][query] POST https://iam.googleapis.com/v1/projects/portal-ansinda/serviceAccounts/firebase-app-hosting-compute@portal-ansinda.iam.gserviceaccount.com:testIamPermissions [none]
[debug] [2025-08-06T02:39:36.390Z] >>> [apiv2][(partial)header] POST https://iam.googleapis.com/v1/projects/portal-ansinda/serviceAccounts/firebase-app-hosting-compute@portal-ansinda.iam.gserviceaccount.com:testIamPermissions x-goog-quota-user=projects/portal-ansinda
[debug] [2025-08-06T02:39:36.390Z] >>> [apiv2][body] POST https://iam.googleapis.com/v1/projects/portal-ansinda/serviceAccounts/firebase-app-hosting-compute@portal-ansinda.iam.gserviceaccount.com:testIamPermissions {"permissions":["iam.serviceAccounts.actAs"]}
[debug] [2025-08-06T02:39:39.585Z] <<< [apiv2][status] POST https://iam.googleapis.com/v1/projects/portal-ansinda/serviceAccounts/firebase-app-hosting-compute@portal-ansinda.iam.gserviceaccount.com:testIamPermissions 404
[debug] [2025-08-06T02:39:39.585Z] <<< [apiv2][body] POST https://iam.googleapis.com/v1/projects/portal-ansinda/serviceAccounts/firebase-app-hosting-compute@portal-ansinda.iam.gserviceaccount.com:testIamPermissions {"error":{"code":404,"message":"Unknown service account","status":"NOT_FOUND"}}
[debug] [2025-08-06T02:39:39.586Z] Checked if tokens are valid: true, expires at: 1754451544558
[debug] [2025-08-06T02:39:39.586Z] Checked if tokens are valid: true, expires at: 1754451544558
[debug] [2025-08-06T02:39:39.586Z] >>> [apiv2][query] POST https://iam.googleapis.com/v1/projects/portal-ansinda/serviceAccounts [none]
[debug] [2025-08-06T02:39:39.586Z] >>> [apiv2][body] POST https://iam.googleapis.com/v1/projects/portal-ansinda/serviceAccounts {"accountId":"firebase-app-hosting-compute","serviceAccount":{"displayName":"Firebase App Hosting compute service account","description":"Default service account used to run builds and deploys for Firebase App Hosting"}}
[debug] [2025-08-06T02:39:41.344Z] <<< [apiv2][status] POST https://iam.googleapis.com/v1/projects/portal-ansinda/serviceAccounts 200
[debug] [2025-08-06T02:39:41.345Z] <<< [apiv2][body] POST https://iam.googleapis.com/v1/projects/portal-ansinda/serviceAccounts [omitted]
[debug] [2025-08-06T02:39:41.345Z] Checked if tokens are valid: true, expires at: 1754451544558
[debug] [2025-08-06T02:39:41.345Z] Checked if tokens are valid: true, expires at: 1754451544558
[debug] [2025-08-06T02:39:41.345Z] >>> [apiv2][query] POST https://cloudresourcemanager.googleapis.com/v1/projects/portal-ansinda:getIamPolicy [none]
[debug] [2025-08-06T02:39:43.857Z] <<< [apiv2][status] POST https://cloudresourcemanager.googleapis.com/v1/projects/portal-ansinda:getIamPolicy 200
[debug] [2025-08-06T02:39:43.857Z] <<< [apiv2][body] POST https://cloudresourcemanager.googleapis.com/v1/projects/portal-ansinda:getIamPolicy {"version":1,"etag":"BwY7qT/el8c=","bindings":[{"role":"roles/cloudbuild.builds.builder","members":["serviceAccount:310332831418@cloudbuild.gserviceaccount.com"]},{"role":"roles/cloudbuild.serviceAgent","members":["serviceAccount:service-310332831418@gcp-sa-cloudbuild.iam.gserviceaccount.com"]},{"role":"roles/containerregistry.ServiceAgent","members":["serviceAccount:service-310332831418@containerregistry.iam.gserviceaccount.com"]},{"role":"roles/editor","members":["serviceAccount:310332831418-compute@developer.gserviceaccount.com"]},{"role":"roles/firebase.managementServiceAgent","members":["serviceAccount:service-310332831418@gcp-sa-firebase.iam.gserviceaccount.com"]},{"role":"roles/firebase.sdkAdminServiceAgent","members":["serviceAccount:firebase-adminsdk-fbsvc@portal-ansinda.iam.gserviceaccount.com"]},{"role":"roles/firebaseauth.admin","members":["serviceAccount:firebase-adminsdk-fbsvc@portal-ansinda.iam.gserviceaccount.com"]},{"role":"roles/firebaserules.system","members":["serviceAccount:service-310332831418@firebase-rules.iam.gserviceaccount.com"]},{"role":"roles/firebasestorage.serviceAgent","members":["serviceAccount:service-310332831418@gcp-sa-firebasestorage.iam.gserviceaccount.com"]},{"role":"roles/firestore.serviceAgent","members":["serviceAccount:service-310332831418@gcp-sa-firestore.iam.gserviceaccount.com"]},{"role":"roles/iam.serviceAccountTokenCreator","members":["serviceAccount:firebase-adminsdk-fbsvc@portal-ansinda.iam.gserviceaccount.com"]},{"role":"roles/owner","members":["user:ansindaitcomms@gmail.com"]},{"role":"roles/run.serviceAgent","members":["serviceAccount:service-310332831418@serverless-robot-prod.iam.gserviceaccount.com"]},{"role":"roles/storage.admin","members":["serviceAccount:firebase-adminsdk-fbsvc@portal-ansinda.iam.gserviceaccount.com"]}]}
[debug] [2025-08-06T02:39:43.858Z] Checked if tokens are valid: true, expires at: 1754451544558
[debug] [2025-08-06T02:39:43.858Z] Checked if tokens are valid: true, expires at: 1754451544558
[debug] [2025-08-06T02:39:43.858Z] >>> [apiv2][query] POST https://cloudresourcemanager.googleapis.com/v1/projects/portal-ansinda:setIamPolicy [none]
[debug] [2025-08-06T02:39:43.858Z] >>> [apiv2][body] POST https://cloudresourcemanager.googleapis.com/v1/projects/portal-ansinda:setIamPolicy {"policy":{"version":1,"etag":"BwY7qT/el8c=","bindings":[{"role":"roles/cloudbuild.builds.builder","members":["serviceAccount:310332831418@cloudbuild.gserviceaccount.com"]},{"role":"roles/cloudbuild.serviceAgent","members":["serviceAccount:service-310332831418@gcp-sa-cloudbuild.iam.gserviceaccount.com"]},{"role":"roles/containerregistry.ServiceAgent","members":["serviceAccount:service-310332831418@containerregistry.iam.gserviceaccount.com"]},{"role":"roles/editor","members":["serviceAccount:310332831418-compute@developer.gserviceaccount.com"]},{"role":"roles/firebase.managementServiceAgent","members":["serviceAccount:service-310332831418@gcp-sa-firebase.iam.gserviceaccount.com"]},{"role":"roles/firebase.sdkAdminServiceAgent","members":["serviceAccount:firebase-adminsdk-fbsvc@portal-ansinda.iam.gserviceaccount.com","serviceAccount:firebase-app-hosting-compute@portal-ansinda.iam.gserviceaccount.com"]},{"role":"roles/firebaseauth.admin","members":["serviceAccount:firebase-adminsdk-fbsvc@portal-ansinda.iam.gserviceaccount.com"]},{"role":"roles/firebaserules.system","members":["serviceAccount:service-310332831418@firebase-rules.iam.gserviceaccount.com"]},{"role":"roles/firebasestorage.serviceAgent","members":["serviceAccount:service-310332831418@gcp-sa-firebasestorage.iam.gserviceaccount.com"]},{"role":"roles/firestore.serviceAgent","members":["serviceAccount:service-310332831418@gcp-sa-firestore.iam.gserviceaccount.com"]},{"role":"roles/iam.serviceAccountTokenCreator","members":["serviceAccount:firebase-adminsdk-fbsvc@portal-ansinda.iam.gserviceaccount.com"]},{"role":"roles/owner","members":["user:ansindaitcomms@gmail.com"]},{"role":"roles/run.serviceAgent","members":["serviceAccount:service-310332831418@serverless-robot-prod.iam.gserviceaccount.com"]},{"role":"roles/storage.admin","members":["serviceAccount:firebase-adminsdk-fbsvc@portal-ansinda.iam.gserviceaccount.com"]},{"role":"roles/firebaseapphosting.computeRunner","members":["serviceAccount:firebase-app-hosting-compute@portal-ansinda.iam.gserviceaccount.com"]},{"role":"roles/developerconnect.readTokenAccessor","members":["serviceAccount:firebase-app-hosting-compute@portal-ansinda.iam.gserviceaccount.com"]},{"role":"roles/storage.objectViewer","members":["serviceAccount:firebase-app-hosting-compute@portal-ansinda.iam.gserviceaccount.com"]}]},"updateMask":"bindings"}
[debug] [2025-08-06T02:39:44.821Z] <<< [apiv2][status] POST https://cloudresourcemanager.googleapis.com/v1/projects/portal-ansinda:setIamPolicy 200
[debug] [2025-08-06T02:39:44.821Z] <<< [apiv2][body] POST https://cloudresourcemanager.googleapis.com/v1/projects/portal-ansinda:setIamPolicy {"version":1,"etag":"BwY7qUDrmuo=","bindings":[{"role":"roles/cloudbuild.builds.builder","members":["serviceAccount:310332831418@cloudbuild.gserviceaccount.com"]},{"role":"roles/cloudbuild.serviceAgent","members":["serviceAccount:service-310332831418@gcp-sa-cloudbuild.iam.gserviceaccount.com"]},{"role":"roles/containerregistry.ServiceAgent","members":["serviceAccount:service-310332831418@containerregistry.iam.gserviceaccount.com"]},{"role":"roles/developerconnect.readTokenAccessor","members":["serviceAccount:firebase-app-hosting-compute@portal-ansinda.iam.gserviceaccount.com"]},{"role":"roles/editor","members":["serviceAccount:310332831418-compute@developer.gserviceaccount.com"]},{"role":"roles/firebase.managementServiceAgent","members":["serviceAccount:service-310332831418@gcp-sa-firebase.iam.gserviceaccount.com"]},{"role":"roles/firebase.sdkAdminServiceAgent","members":["serviceAccount:firebase-adminsdk-fbsvc@portal-ansinda.iam.gserviceaccount.com","serviceAccount:firebase-app-hosting-compute@portal-ansinda.iam.gserviceaccount.com"]},{"role":"roles/firebaseapphosting.computeRunner","members":["serviceAccount:firebase-app-hosting-compute@portal-ansinda.iam.gserviceaccount.com"]},{"role":"roles/firebaseauth.admin","members":["serviceAccount:firebase-adminsdk-fbsvc@portal-ansinda.iam.gserviceaccount.com"]},{"role":"roles/firebaserules.system","members":["serviceAccount:service-310332831418@firebase-rules.iam.gserviceaccount.com"]},{"role":"roles/firebasestorage.serviceAgent","members":["serviceAccount:service-310332831418@gcp-sa-firebasestorage.iam.gserviceaccount.com"]},{"role":"roles/firestore.serviceAgent","members":["serviceAccount:service-310332831418@gcp-sa-firestore.iam.gserviceaccount.com"]},{"role":"roles/iam.serviceAccountTokenCreator","members":["serviceAccount:firebase-adminsdk-fbsvc@portal-ansinda.iam.gserviceaccount.com"]},{"role":"roles/owner","members":["user:ansindaitcomms@gmail.com"]},{"role":"roles/run.serviceAgent","members":["serviceAccount:service-310332831418@serverless-robot-prod.iam.gserviceaccount.com"]},{"role":"roles/storage.admin","members":["serviceAccount:firebase-adminsdk-fbsvc@portal-ansinda.iam.gserviceaccount.com"]},{"role":"roles/storage.objectViewer","members":["serviceAccount:firebase-app-hosting-compute@portal-ansinda.iam.gserviceaccount.com"]}]}
[info] i  This command links your local project to Firebase App Hosting. You will be able to deploy your web app with `firebase deploy` after setup. 
